{
  "Cucumber Features": {
    "coverage": {
      "/home/galvao/Codas/CAMAAR/app/models/pessoa.rb": {
        "lines": [
          1,
          1,
          1,
          1,
          1,
          1,
          1
        ]
      },
      "/home/galvao/Codas/CAMAAR/app/models/application_record.rb": {
        "lines": [
          1,
          1,
          null
        ]
      },
      "/home/galvao/Codas/CAMAAR/app/controllers/sessions_controller.rb": {
        "lines": [
          1,
          1,
          37,
          4,
          null,
          null,
          null,
          1,
          31,
          31,
          29,
          29,
          23,
          null,
          6,
          null,
          null,
          2,
          2,
          null,
          null,
          null,
          1,
          1,
          1,
          null
        ]
      },
      "/home/galvao/Codas/CAMAAR/app/controllers/application_controller.rb": {
        "lines": [
          1,
          1,
          null,
          1,
          397,
          null,
          null,
          1,
          206,
          null,
          null,
          1,
          79,
          null,
          null,
          1,
          90,
          null
        ]
      },
      "/home/galvao/Codas/CAMAAR/app/helpers/application_helper.rb": {
        "lines": [
          1,
          null
        ]
      },
      "/home/galvao/Codas/CAMAAR/app/helpers/admin/base_helper.rb": {
        "lines": [
          1,
          null
        ]
      },
      "/home/galvao/Codas/CAMAAR/app/helpers/admin/formularios_helper.rb": {
        "lines": [
          1,
          null
        ]
      },
      "/home/galvao/Codas/CAMAAR/app/helpers/admin/gerenciamento_helper.rb": {
        "lines": [
          1,
          null
        ]
      },
      "/home/galvao/Codas/CAMAAR/app/helpers/admin/imports_helper.rb": {
        "lines": [
          1,
          null
        ]
      },
      "/home/galvao/Codas/CAMAAR/app/helpers/admin/resultados_helper.rb": {
        "lines": [
          1,
          null
        ]
      },
      "/home/galvao/Codas/CAMAAR/app/helpers/admin/templates_helper.rb": {
        "lines": [
          1,
          null
        ]
      },
      "/home/galvao/Codas/CAMAAR/app/helpers/avaliacoes_helper.rb": {
        "lines": [
          1,
          null
        ]
      },
      "/home/galvao/Codas/CAMAAR/app/helpers/formularios_helper.rb": {
        "lines": [
          1,
          null
        ]
      },
      "/home/galvao/Codas/CAMAAR/app/helpers/passwords_helper.rb": {
        "lines": [
          1,
          null
        ]
      },
      "/home/galvao/Codas/CAMAAR/app/helpers/sessions_helper.rb": {
        "lines": [
          1,
          null
        ]
      },
      "/home/galvao/Codas/CAMAAR/app/controllers/admin/gerenciamento_controller.rb": {
        "lines": [
          1,
          1,
          null,
          null
        ]
      },
      "/home/galvao/Codas/CAMAAR/app/controllers/admin/base_controller.rb": {
        "lines": [
          1,
          1,
          null,
          1,
          1,
          null,
          1,
          null,
          1,
          75,
          1,
          null,
          null
        ]
      },
      "/home/galvao/Codas/CAMAAR/app/models/disciplina.rb": {
        "lines": [
          1,
          1,
          1
        ]
      },
      "/home/galvao/Codas/CAMAAR/app/controllers/admin/imports_controller.rb": {
        "lines": [
          1,
          1,
          null,
          null,
          1,
          6,
          4,
          null,
          2,
          2,
          null
        ]
      },
      "/home/galvao/Codas/CAMAAR/app/services/sigaa_import_service.rb": {
        "lines": [
          1,
          1,
          0,
          0,
          null,
          0,
          0,
          null,
          0,
          0,
          0,
          null,
          0,
          0,
          null,
          null,
          0,
          0,
          0,
          0,
          0,
          0,
          0,
          0,
          0,
          0,
          null,
          0,
          null,
          0,
          0,
          null,
          null,
          0,
          0,
          null,
          0,
          null,
          null,
          null,
          null,
          null,
          0,
          null,
          null,
          0,
          0,
          0,
          0,
          0,
          0,
          0,
          0,
          0,
          null,
          0,
          0,
          0,
          0,
          null,
          null,
          0,
          null,
          null,
          null,
          null
        ]
      },
      "/home/galvao/Codas/CAMAAR/app/models/docente.rb": {
        "lines": [
          1,
          1,
          1
        ]
      },
      "/home/galvao/Codas/CAMAAR/app/models/turma.rb": {
        "lines": [
          1,
          1,
          1,
          1,
          1,
          1
        ]
      },
      "/home/galvao/Codas/CAMAAR/app/models/discente.rb": {
        "lines": [
          1,
          1,
          1,
          1,
          1
        ]
      },
      "/home/galvao/Codas/CAMAAR/app/models/turma_discente.rb": {
        "lines": [
          1,
          1,
          1
        ]
      },
      "/home/galvao/Codas/CAMAAR/app/models/template.rb": {
        "lines": [
          1,
          1,
          1,
          1,
          1,
          1
        ]
      },
      "/home/galvao/Codas/CAMAAR/app/controllers/admin/formularios_controller.rb": {
        "lines": [
          1,
          1,
          9,
          9,
          9,
          1,
          null,
          null,
          null,
          8,
          null,
          null,
          null,
          1,
          5,
          1,
          1,
          null,
          null,
          4,
          null,
          4,
          1,
          1,
          null,
          null,
          3,
          null,
          3,
          2,
          2,
          null,
          null,
          1,
          1,
          1,
          1,
          1,
          1,
          null,
          null,
          null,
          0,
          0,
          0,
          0,
          0,
          null,
          null,
          null,
          null,
          0,
          null,
          0,
          0,
          null
        ]
      },
      "/home/galvao/Codas/CAMAAR/app/models/template_questao.rb": {
        "lines": [
          1,
          1,
          1,
          1
        ]
      },
      "/home/galvao/Codas/CAMAAR/app/models/formulario.rb": {
        "lines": [
          1,
          1,
          1,
          1,
          1
        ]
      },
      "/home/galvao/Codas/CAMAAR/app/controllers/admin/templates_controller.rb": {
        "lines": [
          1,
          1,
          7,
          null,
          null,
          1,
          2,
          2,
          null,
          null,
          1,
          2,
          2,
          1,
          null,
          1,
          1,
          1,
          null,
          null,
          null,
          1,
          2,
          2,
          null,
          null,
          1,
          2,
          2,
          1,
          null,
          1,
          1,
          1,
          null,
          null,
          null,
          1,
          null,
          1,
          4,
          null
        ]
      },
      "/home/galvao/Codas/CAMAAR/app/models/questao.rb": {
        "lines": [
          1,
          1,
          1,
          1,
          1
        ]
      },
      "/home/galvao/Codas/CAMAAR/app/models/resposta.rb": {
        "lines": [
          1,
          1,
          1
        ]
      },
      "/home/galvao/Codas/CAMAAR/app/controllers/admin/resultados_controller.rb": {
        "lines": [
          1,
          1,
          4,
          null,
          null,
          1,
          0,
          null,
          null,
          1,
          1,
          null,
          1,
          0,
          0,
          null,
          null,
          1,
          1,
          1,
          1,
          1,
          null,
          null,
          null,
          1,
          null
        ]
      },
      "/home/galvao/Codas/CAMAAR/app/controllers/avaliacoes_controller.rb": {
        "lines": [
          1,
          1,
          null,
          1,
          10,
          7,
          7,
          7,
          null,
          null,
          7,
          null,
          null,
          null,
          null,
          3,
          null,
          null
        ]
      },
      "/home/galvao/Codas/CAMAAR/app/controllers/passwords_controller.rb": {
        "lines": [
          1,
          1,
          4,
          null,
          0,
          null,
          null,
          1,
          4,
          4,
          2,
          2,
          2,
          null,
          null,
          2,
          2,
          2,
          null,
          0,
          0,
          null,
          null,
          null,
          1,
          null,
          1,
          2,
          null
        ]
      },
      "/home/galvao/Codas/CAMAAR/app/controllers/formularios_controller.rb": {
        "lines": [
          1,
          1,
          null,
          1,
          3,
          3,
          null,
          null,
          1,
          2,
          2,
          null,
          2,
          1,
          1,
          null,
          null,
          1,
          1,
          1,
          null,
          null,
          null,
          null,
          null,
          null,
          1,
          null,
          0,
          null
        ]
      },
      "/home/galvao/Codas/CAMAAR/app/jobs/application_job.rb": {
        "lines": [
          0,
          null,
          null,
          null,
          null,
          null,
          0
        ],
        "branches": {}
      }
    },
    "timestamp": 1782740103
  },
  "RSpec": {
    "coverage": {
      "/home/galvao/Codas/CAMAAR/app/helpers/admin/base_helper.rb": {
        "lines": [
          1,
          null
        ]
      },
      "/home/galvao/Codas/CAMAAR/app/helpers/admin/formularios_helper.rb": {
        "lines": [
          1,
          null
        ]
      },
      "/home/galvao/Codas/CAMAAR/app/helpers/admin/gerenciamento_helper.rb": {
        "lines": [
          1,
          null
        ]
      },
      "/home/galvao/Codas/CAMAAR/app/helpers/admin/imports_helper.rb": {
        "lines": [
          1,
          null
        ]
      },
      "/home/galvao/Codas/CAMAAR/app/helpers/admin/resultados_helper.rb": {
        "lines": [
          1,
          null
        ]
      },
      "/home/galvao/Codas/CAMAAR/app/helpers/admin/templates_helper.rb": {
        "lines": [
          1,
          null
        ]
      },
      "/home/galvao/Codas/CAMAAR/app/helpers/application_helper.rb": {
        "lines": [
          1,
          null
        ]
      },
      "/home/galvao/Codas/CAMAAR/app/helpers/avaliacoes_helper.rb": {
        "lines": [
          1,
          null
        ]
      },
      "/home/galvao/Codas/CAMAAR/app/helpers/formularios_helper.rb": {
        "lines": [
          1,
          null
        ]
      },
      "/home/galvao/Codas/CAMAAR/app/helpers/passwords_helper.rb": {
        "lines": [
          1,
          null
        ]
      },
      "/home/galvao/Codas/CAMAAR/app/helpers/sessions_helper.rb": {
        "lines": [
          1,
          null
        ]
      },
      "/home/galvao/Codas/CAMAAR/app/models/discente.rb": {
        "lines": [
          1,
          1,
          1,
          1,
          1
        ]
      },
      "/home/galvao/Codas/CAMAAR/app/models/application_record.rb": {
        "lines": [
          1,
          1,
          null
        ]
      },
      "/home/galvao/Codas/CAMAAR/app/models/disciplina.rb": {
        "lines": [
          1,
          1,
          1
        ]
      },
      "/home/galvao/Codas/CAMAAR/app/models/docente.rb": {
        "lines": [
          1,
          1,
          1
        ]
      },
      "/home/galvao/Codas/CAMAAR/app/models/formulario.rb": {
        "lines": [
          1,
          1,
          1,
          1,
          1
        ]
      },
      "/home/galvao/Codas/CAMAAR/app/models/pessoa.rb": {
        "lines": [
          1,
          1,
          1,
          1,
          1,
          1,
          1
        ]
      },
      "/home/galvao/Codas/CAMAAR/app/models/questao.rb": {
        "lines": [
          1,
          1,
          1,
          1,
          1
        ]
      },
      "/home/galvao/Codas/CAMAAR/app/models/resposta.rb": {
        "lines": [
          1,
          1,
          1
        ]
      },
      "/home/galvao/Codas/CAMAAR/app/models/template_questao.rb": {
        "lines": [
          1,
          1,
          1,
          1
        ]
      },
      "/home/galvao/Codas/CAMAAR/app/models/template.rb": {
        "lines": [
          1,
          1,
          1,
          1,
          1,
          1
        ]
      },
      "/home/galvao/Codas/CAMAAR/app/models/turma_discente.rb": {
        "lines": [
          1,
          1,
          1
        ]
      },
      "/home/galvao/Codas/CAMAAR/app/models/turma.rb": {
        "lines": [
          1,
          1,
          1,
          1,
          1,
          1
        ]
      },
      "/home/galvao/Codas/CAMAAR/app/controllers/admin/base_controller.rb": {
        "lines": [
          0,
          0,
          null,
          0,
          0,
          null,
          0,
          null,
          0,
          0,
          0,
          0,
          0,
          0
        ],
        "branches": {}
      },
      "/home/galvao/Codas/CAMAAR/app/controllers/admin/formularios_controller.rb": {
        "lines": [
          0,
          0,
          0,
          0,
          0,
          0,
          0,
          0,
          0,
          0,
          0,
          0,
          null,
          0,
          0,
          0,
          0,
          0,
          null,
          0,
          null,
          0,
          0,
          0,
          0,
          null,
          0,
          null,
          0,
          0,
          0,
          0,
          null,
          0,
          0,
          0,
          0,
          0,
          0,
          0,
          0,
          null,
          0,
          0,
          0,
          0,
          0,
          0,
          0,
          0,
          null,
          0,
          0,
          0,
          0,
          0,
          0
        ],
        "branches": {}
      },
      "/home/galvao/Codas/CAMAAR/app/controllers/admin/gerenciamento_controller.rb": {
        "lines": [
          0,
          0,
          0,
          0
        ],
        "branches": {}
      },
      "/home/galvao/Codas/CAMAAR/app/controllers/admin/imports_controller.rb": {
        "lines": [
          0,
          0,
          0,
          null,
          0,
          0,
          0,
          0,
          0,
          0,
          0,
          0
        ],
        "branches": {}
      },
      "/home/galvao/Codas/CAMAAR/app/controllers/admin/resultados_controller.rb": {
        "lines": [
          0,
          0,
          0,
          0,
          null,
          0,
          0,
          0,
          null,
          0,
          0,
          null,
          0,
          0,
          0,
          0,
          null,
          0,
          0,
          0,
          0,
          0,
          0,
          0,
          0,
          0,
          0,
          0
        ],
        "branches": {}
      },
      "/home/galvao/Codas/CAMAAR/app/controllers/admin/templates_controller.rb": {
        "lines": [
          0,
          0,
          0,
          0,
          null,
          0,
          0,
          0,
          0,
          null,
          0,
          0,
          0,
          0,
          0,
          0,
          0,
          0,
          0,
          0,
          null,
          0,
          0,
          0,
          0,
          null,
          0,
          0,
          0,
          0,
          0,
          0,
          0,
          0,
          0,
          0,
          null,
          0,
          null,
          0,
          0,
          0,
          0
        ],
        "branches": {}
      },
      "/home/galvao/Codas/CAMAAR/app/controllers/application_controller.rb": {
        "lines": [
          0,
          0,
          null,
          0,
          0,
          0,
          null,
          0,
          0,
          0,
          null,
          0,
          0,
          0,
          null,
          0,
          0,
          0,
          0
        ],
        "branches": {}
      },
      "/home/galvao/Codas/CAMAAR/app/controllers/avaliacoes_controller.rb": {
        "lines": [
          0,
          0,
          null,
          0,
          0,
          0,
          0,
          0,
          0,
          0,
          0,
          0,
          0,
          0,
          0,
          0,
          0,
          0,
          0
        ],
        "branches": {}
      },
      "/home/galvao/Codas/CAMAAR/app/controllers/formularios_controller.rb": {
        "lines": [
          0,
          0,
          null,
          0,
          0,
          0,
          0,
          null,
          0,
          0,
          0,
          null,
          0,
          0,
          0,
          0,
          null,
          0,
          0,
          0,
          0,
          0,
          0,
          0,
          0,
          0,
          0,
          0,
          0,
          0,
          0
        ],
        "branches": {}
      },
      "/home/galvao/Codas/CAMAAR/app/controllers/passwords_controller.rb": {
        "lines": [
          0,
          0,
          0,
          0,
          0,
          0,
          null,
          0,
          0,
          0,
          0,
          0,
          0,
          0,
          null,
          0,
          0,
          0,
          0,
          0,
          0,
          0,
          0,
          null,
          0,
          null,
          0,
          0,
          0,
          0
        ],
        "branches": {}
      },
      "/home/galvao/Codas/CAMAAR/app/controllers/sessions_controller.rb": {
        "lines": [
          0,
          0,
          0,
          0,
          0,
          0,
          null,
          0,
          0,
          0,
          0,
          0,
          0,
          0,
          0,
          0,
          0,
          0,
          0,
          0,
          0,
          null,
          0,
          0,
          0,
          0,
          0
        ],
        "branches": {}
      },
      "/home/galvao/Codas/CAMAAR/app/jobs/application_job.rb": {
        "lines": [
          0,
          null,
          null,
          null,
          null,
          null,
          0
        ],
        "branches": {}
      },
      "/home/galvao/Codas/CAMAAR/app/services/sigaa_import_service.rb": {
        "lines": [
          0,
          0,
          0,
          0,
          null,
          0,
          0,
          null,
          0,
          0,
          0,
          0,
          0,
          0,
          0,
          null,
          0,
          0,
          0,
          0,
          0,
          0,
          0,
          0,
          0,
          0,
          0,
          0,
          null,
          0,
          0,
          0,
          null,
          0,
          0,
          null,
          0,
          0,
          0,
          0,
          0,
          0,
          0,
          0,
          null,
          0,
          0,
          0,
          0,
          0,
          0,
          0,
          0,
          0,
          0,
          0,
          0,
          0,
          0,
          0,
          null,
          0,
          0,
          0,
          0,
          0,
          0
        ],
        "branches": {}
      }
    },
    "timestamp": 1782739171
  }
}
